This is pdfTeX, Version 3.1415926-2.5-1.40.14 (TeX Live 2013/W32TeX) (format=pdflatex 2013.10.2)  7 APR 2014 22:40
entering extended mode
 restricted \write18 enabled.
 %&-line parsing enabled.
**proposal.tex
(./proposal.tex
LaTeX2e <2011/06/27>
Babel <3.9f> and hyphenation patterns for 78 languages loaded.
(c:/texlive/2013/texmf-dist/tex/latex/base/article.cls
Document Class: article 2007/10/19 v1.4h Standard LaTeX document class
(c:/texlive/2013/texmf-dist/tex/latex/base/size10.clo
File: size10.clo 2007/10/19 v1.4h Standard LaTeX file (size option)
)
\c@part=\count79
\c@section=\count80
\c@subsection=\count81
\c@subsubsection=\count82
\c@paragraph=\count83
\c@subparagraph=\count84
\c@figure=\count85
\c@table=\count86
\abovecaptionskip=\skip41
\belowcaptionskip=\skip42
\bibindent=\dimen102
)
(c:/texlive/2013/texmf-dist/tex/latex/fancyhdr/fancyhdr.sty
\fancy@headwidth=\skip43
\f@ncyO@elh=\skip44
\f@ncyO@erh=\skip45
\f@ncyO@olh=\skip46
\f@ncyO@orh=\skip47
\f@ncyO@elf=\skip48
\f@ncyO@erf=\skip49
\f@ncyO@olf=\skip50
\f@ncyO@orf=\skip51
) (./proposal.aux)
\openout1 = `proposal.aux'.

LaTeX Font Info:    Checking defaults for OML/cmm/m/it on input line 7.
LaTeX Font Info:    ... okay on input line 7.
LaTeX Font Info:    Checking defaults for T1/cmr/m/n on input line 7.
LaTeX Font Info:    ... okay on input line 7.
LaTeX Font Info:    Checking defaults for OT1/cmr/m/n on input line 7.
LaTeX Font Info:    ... okay on input line 7.
LaTeX Font Info:    Checking defaults for OMS/cmsy/m/n on input line 7.
LaTeX Font Info:    ... okay on input line 7.
LaTeX Font Info:    Checking defaults for OMX/cmex/m/n on input line 7.
LaTeX Font Info:    ... okay on input line 7.
LaTeX Font Info:    Checking defaults for U/cmr/m/n on input line 7.
LaTeX Font Info:    ... okay on input line 7.
LaTeX Font Info:    External font `cmex10' loaded for size
(Font)              <12> on input line 19.
LaTeX Font Info:    External font `cmex10' loaded for size
(Font)              <8> on input line 19.
LaTeX Font Info:    External font `cmex10' loaded for size
(Font)              <6> on input line 19.

[1

{c:/texlive/2013/texmf-var/fonts/map/pdftex/updmap/pdftex.map}] [2]
(./proposal.aux) ) 
Here is how much of TeX's memory you used:
 361 strings out of 493311
 3828 string characters out of 6141401
 55598 words of memory out of 5000000
 3886 multiletter control sequences out of 15000+600000
 7941 words of font info for 28 fonts, out of 8000000 for 9000
 957 hyphenation exceptions out of 8191
 30i,10n,43p,457b,222s stack positions out of 5000i,500n,10000p,200000b,80000s
<c:/texlive/2013/texmf-dist/fonts/type1/public/amsfonts/cm/cm
bx10.pfb><c:/texlive/2013/texmf-dist/fonts/type1/public/amsfonts/cm/cmbx12.pfb>
<c:/texlive/2013/texmf-dist/fonts/type1/public/amsfonts/cm/cmr10.pfb><c:/texliv
e/2013/texmf-dist/fonts/type1/public/amsfonts/cm/cmr12.pfb><c:/texlive/2013/tex
mf-dist/fonts/type1/public/amsfonts/cm/cmr17.pfb><c:/texlive/2013/texmf-dist/fo
nts/type1/public/amsfonts/cm/cmsl10.pfb>
Output written on proposal.pdf (2 pages, 82962 bytes).
PDF statistics:
 35 PDF objects out of 1000 (max. 8388607)
 24 compressed objects within 1 object stream
 0 named destinations out of 1000 (max. 500000)
 1 words of extra memory for PDF output out of 10000 (max. 10000000)

